0 info it worked if it ends with ok
1 verbose cli [ 'node', '/usr/local/bin/npm', 'i', 'ui-select', '--save' ]
2 info using npm@1.4.28
3 info using node@v0.10.33
4 warn package.json extension@0.0.2 No description
5 warn package.json extension@0.0.2 No README data
6 verbose readDependencies using package.json deps
7 verbose cache add [ 'ui-select', null ]
8 verbose cache add name=undefined spec="ui-select" args=["ui-select",null]
9 verbose parsed url { protocol: null,
9 verbose parsed url   slashes: null,
9 verbose parsed url   auth: null,
9 verbose parsed url   host: null,
9 verbose parsed url   port: null,
9 verbose parsed url   hostname: null,
9 verbose parsed url   hash: null,
9 verbose parsed url   search: null,
9 verbose parsed url   query: null,
9 verbose parsed url   pathname: 'ui-select',
9 verbose parsed url   path: 'ui-select',
9 verbose parsed url   href: 'ui-select' }
10 silly lockFile 549b0ebb-ui-select ui-select
11 verbose lock ui-select /Users/altrosilka/.npm/549b0ebb-ui-select.lock
12 silly lockFile 549b0ebb-ui-select ui-select
13 silly lockFile 549b0ebb-ui-select ui-select
14 verbose addNamed [ 'ui-select', '' ]
15 verbose addNamed [ null, '*' ]
16 silly lockFile d655c881-ui-select ui-select@
17 verbose lock ui-select@ /Users/altrosilka/.npm/d655c881-ui-select.lock
18 silly addNameRange { name: 'ui-select', range: '*', hasData: false }
19 verbose request where is /ui-select
20 verbose request registry https://registry.npmjs.org/
21 verbose request id 4e1c080417471121
22 verbose url raw /ui-select
23 verbose url resolving [ 'https://registry.npmjs.org/', './ui-select' ]
24 verbose url resolved https://registry.npmjs.org/ui-select
25 verbose request where is https://registry.npmjs.org/ui-select
26 info trying registry request attempt 1 at 09:15:06
27 http GET https://registry.npmjs.org/ui-select
28 http 404 https://registry.npmjs.org/ui-select
29 verbose headers { date: 'Mon, 01 Dec 2014 03:15:06 GMT',
29 verbose headers   server: 'CouchDB/1.5.0 (Erlang OTP/R16B03)',
29 verbose headers   'content-type': 'application/json',
29 verbose headers   'cache-control': 'max-age=0',
29 verbose headers   'content-length': '52',
29 verbose headers   'accept-ranges': 'bytes',
29 verbose headers   via: '1.1 varnish',
29 verbose headers   'x-served-by': 'cache-ams4133-AMS',
29 verbose headers   'x-cache': 'MISS',
29 verbose headers   'x-cache-hits': '0',
29 verbose headers   'x-timer': 'S1417403706.424404,VS0,VE164',
29 verbose headers   'keep-alive': 'timeout=10, max=50',
29 verbose headers   connection: 'Keep-Alive' }
30 silly registry.get cb [ 404,
30 silly registry.get   { date: 'Mon, 01 Dec 2014 03:15:06 GMT',
30 silly registry.get     server: 'CouchDB/1.5.0 (Erlang OTP/R16B03)',
30 silly registry.get     'content-type': 'application/json',
30 silly registry.get     'cache-control': 'max-age=0',
30 silly registry.get     'content-length': '52',
30 silly registry.get     'accept-ranges': 'bytes',
30 silly registry.get     via: '1.1 varnish',
30 silly registry.get     'x-served-by': 'cache-ams4133-AMS',
30 silly registry.get     'x-cache': 'MISS',
30 silly registry.get     'x-cache-hits': '0',
30 silly registry.get     'x-timer': 'S1417403706.424404,VS0,VE164',
30 silly registry.get     'keep-alive': 'timeout=10, max=50',
30 silly registry.get     connection: 'Keep-Alive' } ]
31 silly lockFile d655c881-ui-select ui-select@
32 silly lockFile d655c881-ui-select ui-select@
33 error 404 404 Not Found: ui-select
33 error 404
33 error 404 'ui-select' is not in the npm registry.
33 error 404 You should bug the author to publish it
33 error 404 It was specified as a dependency of 'extension'
33 error 404
33 error 404 Note that you can also install from a
33 error 404 tarball, folder, or http url, or git url.
34 error System Darwin 14.0.0
35 error command "node" "/usr/local/bin/npm" "i" "ui-select" "--save"
36 error cwd /Users/altrosilka/Server/smm/extension
37 error node -v v0.10.33
38 error npm -v 1.4.28
39 error code E404
40 verbose exit [ 1, true ]
